2024-08-28 11:33:18,288 - last news fetched...
2024-08-28 11:33:18,289 - Old news detected...
2024-08-28 11:33:18,289 - Old news detected...
2024-08-28 11:33:18,996 - Message Sent Successfully through bt_news.py
2024-08-28 11:33:18,996 - Message Sent Successfully through bt_news.py
2024-08-28 11:33:18,996 - Message Sent Successfully through bt_news.py
2024-08-28 11:57:07,768 - last news fetched...Infosys shares hit 52-week high, up 32% in 3 months; more upside ahead?
2024-08-28 11:57:07,768 - Old news detected... Infosys shares hit 52-week high, up 32% in 3 months; more upside ahead?
2024-08-28 11:57:07,768 - Old news detected... Infosys shares hit 52-week high, up 32% in 3 months; more upside ahead?
2024-08-28 11:57:08,480 - Message Sent Successfully through bt_news.py
2024-08-28 11:57:08,480 - Message Sent Successfully through bt_news.py
2024-08-28 11:57:08,480 - Message Sent Successfully through bt_news.py
2024-08-28 12:50:23,017 - last news fetched...Infosys shares hit 52-week high, up 32% in 3 months; more upside ahead?
2024-08-28 12:50:23,017 - Old news detected... Infosys shares hit 52-week high, up 32% in 3 months; more upside ahead?
2024-08-28 12:50:23,017 - Old news detected... Infosys shares hit 52-week high, up 32% in 3 months; more upside ahead?
2024-08-28 12:50:23,617 - Message Sent Successfully through bt_news.py
2024-08-28 12:50:23,617 - Message Sent Successfully through bt_news.py
2024-08-28 12:50:23,617 - Message Sent Successfully through bt_news.py
2024-08-28 12:55:29,737 - last news fetched...Infosys shares hit 52-week high, up 32% in 3 months; more upside ahead?
2024-08-28 12:55:29,737 - Old news detected... Infosys shares hit 52-week high, up 32% in 3 months; more upside ahead?
2024-08-28 12:55:29,737 - Old news detected... Infosys shares hit 52-week high, up 32% in 3 months; more upside ahead?
2024-08-28 12:55:29,739 - Data inserted
2024-08-28 12:55:29,739 - Data inserted
2024-08-28 12:55:29,739 - Data inserted
2024-08-28 12:55:30,270 - Message Sent Successfully through bt_news.py
2024-08-28 12:55:30,270 - Message Sent Successfully through bt_news.py
2024-08-28 12:55:30,270 - Message Sent Successfully through bt_news.py
2024-08-28 12:55:30,270 - Message Sent Successfully through bt_news.py
2024-08-28 13:04:56,656 - last news fetched...Fair trade regulator CCI approves Rs 70,350 crore RIL-Disney merger
2024-08-28 13:04:56,656 - Old news detected... Fair trade regulator CCI approves Rs 70,350 crore RIL-Disney merger
2024-08-28 13:04:56,656 - Old news detected... Fair trade regulator CCI approves Rs 70,350 crore RIL-Disney merger
2024-08-28 13:04:57,222 - Message Sent Successfully through bt_news.py
2024-08-28 13:04:57,222 - Message Sent Successfully through bt_news.py
2024-08-28 13:04:57,222 - Message Sent Successfully through bt_news.py
2024-08-28 13:15:44,892 - Message Sent Successfully through bt_news.py
2024-08-28 13:21:22,094 - Message Sent Successfully through bt_news.py
2024-08-29 03:19:40,943 - Message Sent Successfully through bt_news.py
2024-08-29 04:21:11,303 - Message Sent Successfully through bt_news.py
2024-08-29 05:17:10,730 - Message Sent Successfully through bt_news.py
2024-08-29 06:25:32,439 - Message Sent Successfully through bt_news.py
2024-08-29 07:16:58,453 - Message Sent Successfully through bt_news.py
2024-08-29 08:22:47,397 - Message Sent Successfully through bt_news.py
2024-08-29 09:19:48,706 - Message Sent Successfully through bt_news.py
2024-08-29 10:19:04,442 - Message Sent Successfully through bt_news.py
2024-08-29 11:15:57,159 - Message Sent Successfully through bt_news.py
2024-08-29 12:34:37,088 - Message Sent Successfully through bt_news.py
2024-08-29 13:22:11,117 - Message Sent Successfully through bt_news.py
2024-08-30 03:19:18,240 - Message Sent Successfully through bt_news.py
2024-08-30 04:21:52,768 - Message Sent Successfully through bt_news.py
2024-08-30 05:17:19,105 - Message Sent Successfully through bt_news.py
2024-08-30 06:25:35,248 - Message Sent Successfully through bt_news.py
2024-08-30 07:16:38,268 - Message Sent Successfully through bt_news.py
2024-08-30 08:23:08,397 - Message Sent Successfully through bt_news.py
2024-08-30 09:19:31,491 - Message Sent Successfully through bt_news.py
2024-08-30 10:18:37,747 - Message Sent Successfully through bt_news.py
2024-08-30 11:16:18,105 - Message Sent Successfully through bt_news.py
2024-08-30 12:34:06,408 - Message Sent Successfully through bt_news.py
2024-08-30 13:21:38,151 - Message Sent Successfully through bt_news.py
2024-09-02 04:20:22,712 - Message Sent Successfully through bt_news.py
2024-09-02 04:21:27,095 - Message Sent Successfully through Business standard
2024-09-02 04:22:20,817 - Message Sent Successfully through bt_news.py
2024-09-02 04:42:26,222 - Message Sent Successfully through Business standard
2024-09-02 05:17:48,883 - Message Sent Successfully through bt_news.py
2024-09-02 05:40:32,779 - Message Sent Successfully through Business standard
2024-09-02 06:26:27,804 - Message Sent Successfully through bt_news.py
2024-09-02 06:45:22,349 - Message Sent Successfully through Business standard
2024-09-02 07:17:17,039 - Message Sent Successfully through bt_news.py
2024-09-02 07:38:51,596 - Message Sent Successfully through Business standard
2024-09-02 08:23:48,447 - Message Sent Successfully through bt_news.py
2024-09-02 08:43:57,367 - Message Sent Successfully through Business standard
2024-09-02 09:20:08,699 - Message Sent Successfully through bt_news.py
2024-09-02 09:40:16,173 - Message Sent Successfully through Business standard
2024-09-02 10:32:39,769 - Message Sent Successfully through BUsiness Today
2024-09-02 10:42:13,990 - Message Sent Successfully through Business standard
2024-09-02 11:14:56,080 - Message Sent Successfully through BUsiness Today
